<?xml version="1.0" encoding="UTF-8" ?>
<testsuite errors="0" failures="0" hostname="INR1400697" name="net.hedtech.banner.filter.BannerSamlLogoutFilterTest" tests="3" time="0.486" timestamp="2015-09-01T06:50:55">
  <properties />
  <testcase classname="net.hedtech.banner.filter.BannerSamlLogoutFilterTest" name="requiresLogout" time="0.44" />
  <testcase classname="net.hedtech.banner.filter.BannerSamlLogoutFilterTest" name="constructorStringLogoutHandlersLogoutHandlersNotNullFilterProcessUrl" time="0.011" />
  <testcase classname="net.hedtech.banner.filter.BannerSamlLogoutFilterTest" name="constructorLogoutSuccessHandlerLogoutHandlersLogoutHandlersNotNullFilterProcessUrl" time="0.012" />
  <system-out><![CDATA[--Output from requiresLogout--
--Output from constructorStringLogoutHandlersLogoutHandlersNotNullFilterProcessUrl--
--Output from constructorLogoutSuccessHandlerLogoutHandlersLogoutHandlersNotNullFilterProcessUrl--
]]></system-out>
  <system-err><![CDATA[--Output from requiresLogout--
--Output from constructorStringLogoutHandlersLogoutHandlersNotNullFilterProcessUrl--
--Output from constructorLogoutSuccessHandlerLogoutHandlersLogoutHandlersNotNullFilterProcessUrl--
]]></system-err>
</testsuite>
