<?xml version="1.0" encoding="UTF-8" ?>
<testsuite errors="0" failures="0" hostname="INR1400697" name="net.hedtech.banner.filter.BannerSamlSessionFilterTest" tests="3" time="0.255" timestamp="2015-09-01T06:50:56">
  <properties />
  <testcase classname="net.hedtech.banner.filter.BannerSamlSessionFilterTest" name="testDoFilterIfSessionIsNull" time="0.037" />
  <testcase classname="net.hedtech.banner.filter.BannerSamlSessionFilterTest" name="testDoFilterIfSessionIsNullAndFilterURLIsDifferent" time="0.186" />
  <testcase classname="net.hedtech.banner.filter.BannerSamlSessionFilterTest" name="testDoFilterIfSessionIsNotNull" time="0.024" />
  <system-out><![CDATA[--Output from testDoFilterIfSessionIsNull--
--Output from testDoFilterIfSessionIsNullAndFilterURLIsDifferent--
--Output from testDoFilterIfSessionIsNotNull--
]]></system-out>
  <system-err><![CDATA[--Output from testDoFilterIfSessionIsNull--
--Output from testDoFilterIfSessionIsNullAndFilterURLIsDifferent--
--Output from testDoFilterIfSessionIsNotNull--
]]></system-err>
</testsuite>
