<?xml version="1.0" encoding="UTF-8" ?>
<testsuite errors="0" failures="0" hostname="INR1400697" name="net.hedtech.banner.filter.BannerSamlSessionRegistryImplTest" tests="3" time="0.093" timestamp="2015-09-01T06:50:56">
  <properties />
  <testcase classname="net.hedtech.banner.filter.BannerSamlSessionRegistryImplTest" name="testRegisterNewSession" time="0.043" />
  <testcase classname="net.hedtech.banner.filter.BannerSamlSessionRegistryImplTest" name="testRemoveSessionInformation" time="0.011" />
  <testcase classname="net.hedtech.banner.filter.BannerSamlSessionRegistryImplTest" name="testgetSessionIndexInformation" time="0.03" />
  <system-out><![CDATA[--Output from testRegisterNewSession--
--Output from testRemoveSessionInformation--
--Output from testgetSessionIndexInformation--
]]></system-out>
  <system-err><![CDATA[--Output from testRegisterNewSession--
--Output from testRemoveSessionInformation--
--Output from testgetSessionIndexInformation--
]]></system-err>
</testsuite>
